<?xml version="1.0" encoding="UTF-8"?>
<testng-results skipped="0" failed="0" total="1" passed="1">
  <reporter-output>
  </reporter-output>
  <suite name="YatraTest.YatraTestNGTest" duration-ms="38105" started-at="2018-08-22T09:42:48Z" finished-at="2018-08-22T09:43:26Z">
    <groups>
    </groups>
    <test name="Command line test" duration-ms="38105" started-at="2018-08-22T09:42:48Z" finished-at="2018-08-22T09:43:26Z">
      <class name="YatraTest.YatraTestNGTest">
        <test-method status="PASS" signature="launchBrowser()[pri:0, instance:YatraTest.YatraTestNGTest@34ce8af7]" name="launchBrowser" is-config="true" duration-ms="13974" started-at="2018-08-22T15:12:48Z" finished-at="2018-08-22T15:13:02Z">
          <reporter-output>
          </reporter-output>
        </test-method> <!-- launchBrowser -->
        <test-method status="PASS" signature="callBasic()[pri:0, instance:YatraTest.YatraTestNGTest@34ce8af7]" name="callBasic" duration-ms="24120" started-at="2018-08-22T15:13:02Z" finished-at="2018-08-22T15:13:26Z">
          <reporter-output>
          </reporter-output>
        </test-method> <!-- callBasic -->
      </class> <!-- YatraTest.YatraTestNGTest -->
    </test> <!-- Command line test -->
  </suite> <!-- YatraTest.YatraTestNGTest -->
</testng-results>
